
extDB3: https://bitbucket.org/torndeco/extdb3/wiki/Home
extDB3: Version: 1.028
extDB3: Windows Version
Message: All development for extDB3 is done on a Linux Dedicated Server
Message: If you would like to Donate to extDB3 Development
Message: https://www.paypal.com/cgi-bin/webscr?cmd=_s-xclick&hosted_button_id=2SUEFTGABTAM2
Message: Also leave a message if there is any particular feature you would like to see added.
Message: Thanks for all the people that have donated.
Message: Torndeco: 18/05/15


extDB3: Found extdb3-conf.ini
extDB3: Detected 8 Cores, Setting up 6 Worker Threads
extDB3: ...
extDB3: ...
extDB3: ...
extDB3: ...
extDB3: ...
extDB3: ...


[23:32:38:972151 +02:00] [Thread 2600] extDB3: Locked
[23:33:43:248748 +02:00] [Thread 2600] extDB3: SQL: Error MariaDBStatementException0: Unknown column 'owner' in 'field list'
[23:33:43:248790 +02:00] [Thread 2600] extDB3: SQL: Error MariaDBStatementException0: Input: insertGarage:yuj5707:ivory_190e:<null>:glossy:default:0:0:76561198071999873:1:0:1:[]
[23:33:43:289666 +02:00] [Thread 12824] extDB3: SQL: Error MariaDBStatementException0: Unknown column 'statuses' in 'field list'
[23:33:43:289707 +02:00] [Thread 12824] extDB3: SQL: Error MariaDBStatementException0: Input: getGarage:76561198071999873
