
extDB3: https://bitbucket.org/torndeco/extdb3/wiki/Home
extDB3: Version: 1.028
extDB3: Windows Version
Message: All development for extDB3 is done on a Linux Dedicated Server
Message: If you would like to Donate to extDB3 Development
Message: https://www.paypal.com/cgi-bin/webscr?cmd=_s-xclick&hosted_button_id=2SUEFTGABTAM2
Message: Also leave a message if there is any particular feature you would like to see added.
Message: Thanks for all the people that have donated.
Message: Torndeco: 18/05/15


extDB3: Found extdb3-conf.ini
extDB3: Detected 8 Cores, Setting up 6 Worker Threads
extDB3: ...
extDB3: ...
extDB3: ...
extDB3: ...
extDB3: ...
extDB3: ...


[23:41:31:279967 +02:00] [Thread 7696] extDB3: Locked
[23:42:39:096927 +02:00] [Thread 7696] extDB3: SQL: Error MariaDBStatementException0: Unknown column 'owner' in 'field list'
[23:42:39:096959 +02:00] [Thread 7696] extDB3: SQL: Error MariaDBStatementException0: Input: insertGarage:oof4020:ivory_gti:<null>:glossy:default:0:0:76561198071999873:1:0:1:[]
[23:42:39:139515 +02:00] [Thread 11680] extDB3: SQL: Error MariaDBStatementException0: Unknown column 'statuses' in 'field list'
[23:42:39:139558 +02:00] [Thread 11680] extDB3: SQL: Error MariaDBStatementException0: Input: getGarage:76561198071999873
[23:52:49:045407 +02:00] [Thread 4604] extDB3: SQL: Error MariaDBStatementException0: Unknown column 'statuses' in 'field list'
[23:52:49:045465 +02:00] [Thread 4604] extDB3: SQL: Error MariaDBStatementException0: Input: getGarage:76561198071999873
[00:01:38:616407 +02:00] [Thread 11680] extDB3: SQL: Error MariaDBStatementException0: Unknown column 'statuses' in 'field list'
[00:01:38:616458 +02:00] [Thread 11680] extDB3: SQL: Error MariaDBStatementException0: Input: getGarage:76561198071999873
